[2024-07-05 01:47:35] local.ERROR: could not find driver (Connection: sqlite, SQL: PRAGMA foreign_keys = ON;) {"exception":"[object] (Illuminate\\Database\\QueryException(code: 0): could not find driver (Connection: sqlite, SQL: PRAGMA foreign_keys = ON;) at D:\\Laravel - Caintic\\laravel-sanctum-api\\vendor\\laravel\\framework\\src\\Illuminate\\Database\\Connection.php:813)
[stacktrace]
#0 D:\\Laravel - Caintic\\laravel-sanctum-api\\vendor\\laravel\\framework\\src\\Illuminate\\Database\\Connection.php(767): Illuminate\\Database\\Connection->runQueryCallback('PRAGMA foreign_...', Array, Object(Closure))
#1 D:\\Laravel - Caintic\\laravel-sanctum-api\\vendor\\laravel\\framework\\src\\Illuminate\\Database\\Connection.php(560): Illuminate\\Database\\Connection->run('PRAGMA foreign_...', Array, Object(Closure))
#2 D:\\Laravel - Caintic\\laravel-sanctum-api\\vendor\\laravel\\framework\\src\\Illuminate\\Database\\Schema\\Builder.php(522): Illuminate\\Database\\Connection->statement('PRAGMA foreign_...')
#3 D:\\Laravel - Caintic\\laravel-sanctum-api\\vendor\\laravel\\framework\\src\\Illuminate\\Database\\SQLiteConnection.php(38): Illuminate\\Database\\Schema\\Builder->enableForeignKeyConstraints()
#4 D:\\Laravel - Caintic\\laravel-sanctum-api\\vendor\\laravel\\framework\\src\\Illuminate\\Database\\Connectors\\ConnectionFactory.php(275): Illuminate\\Database\\SQLiteConnection->__construct(Object(Closure), 'D:\\\\Laravel - Ca...', '', Array)
#5 D:\\Laravel - Caintic\\laravel-sanctum-api\\vendor\\laravel\\framework\\src\\Illuminate\\Database\\Connectors\\ConnectionFactory.php(76): Illuminate\\Database\\Connectors\\ConnectionFactory->createConnection('sqlite', Object(Closure), 'D:\\\\Laravel - Ca...', '', Array)
#6 D:\\Laravel - Caintic\\laravel-sanctum-api\\vendor\\laravel\\framework\\src\\Illuminate\\Database\\Connectors\\ConnectionFactory.php(51): Illuminate\\Database\\Connectors\\ConnectionFactory->createSingleConnection(Array)
#7 D:\\Laravel - Caintic\\laravel-sanctum-api\\vendor\\laravel\\framework\\src\\Illuminate\\Database\\DatabaseManager.php(167): Illuminate\\Database\\Connectors\\ConnectionFactory->make(Array, 'sqlite')
#8 D:\\Laravel - Caintic\\laravel-sanctum-api\\vendor\\laravel\\framework\\src\\Illuminate\\Database\\DatabaseManager.php(93): Illuminate\\Database\\DatabaseManager->makeConnection('sqlite')
#9 D:\\Laravel - Caintic\\laravel-sanctum-api\\vendor\\laravel\\framework\\src\\Illuminate\\Database\\Migrations\\DatabaseMigrationRepository.php(226): Illuminate\\Database\\DatabaseManager->connection('sqlite')
#10 D:\\Laravel - Caintic\\laravel-sanctum-api\\vendor\\laravel\\framework\\src\\Illuminate\\Database\\Migrations\\DatabaseMigrationRepository.php(182): Illuminate\\Database\\Migrations\\DatabaseMigrationRepository->getConnection()
#11 D:\\Laravel - Caintic\\laravel-sanctum-api\\vendor\\laravel\\framework\\src\\Illuminate\\Database\\Migrations\\Migrator.php(683): Illuminate\\Database\\Migrations\\DatabaseMigrationRepository->repositoryExists()
#12 D:\\Laravel - Caintic\\laravel-sanctum-api\\vendor\\laravel\\framework\\src\\Illuminate\\Database\\Console\\Migrations\\MigrateCommand.php(164): Illuminate\\Database\\Migrations\\Migrator->repositoryExists()
#13 D:\\Laravel - Caintic\\laravel-sanctum-api\\vendor\\laravel\\framework\\src\\Illuminate\\Support\\helpers.php(319): Illuminate\\Database\\Console\\Migrations\\MigrateCommand->Illuminate\\Database\\Console\\Migrations\\{closure}(1)
#14 D:\\Laravel - Caintic\\laravel-sanctum-api\\vendor\\laravel\\framework\\src\\Illuminate\\Database\\Console\\Migrations\\MigrateCommand.php(164): retry(1, Object(Closure), 0, Object(Closure))
#15 D:\\Laravel - Caintic\\laravel-sanctum-api\\vendor\\laravel\\framework\\src\\Illuminate\\Database\\Console\\Migrations\\MigrateCommand.php(140): Illuminate\\Database\\Console\\Migrations\\MigrateCommand->repositoryExists()
#16 D:\\Laravel - Caintic\\laravel-sanctum-api\\vendor\\laravel\\framework\\src\\Illuminate\\Database\\Console\\Migrations\\MigrateCommand.php(110): Illuminate\\Database\\Console\\Migrations\\MigrateCommand->prepareDatabase()
#17 D:\\Laravel - Caintic\\laravel-sanctum-api\\vendor\\laravel\\framework\\src\\Illuminate\\Database\\Migrations\\Migrator.php(616): Illuminate\\Database\\Console\\Migrations\\MigrateCommand->Illuminate\\Database\\Console\\Migrations\\{closure}()
#18 D:\\Laravel - Caintic\\laravel-sanctum-api\\vendor\\laravel\\framework\\src\\Illuminate\\Database\\Console\\Migrations\\MigrateCommand.php(109): Illuminate\\Database\\Migrations\\Migrator->usingConnection(NULL, Object(Closure))
#19 D:\\Laravel - Caintic\\laravel-sanctum-api\\vendor\\laravel\\framework\\src\\Illuminate\\Database\\Console\\Migrations\\MigrateCommand.php(88): Illuminate\\Database\\Console\\Migrations\\MigrateCommand->runMigrations()
#20 D:\\Laravel - Caintic\\laravel-sanctum-api\\vendor\\laravel\\framework\\src\\Illuminate\\Container\\BoundMethod.php(36): Illuminate\\Database\\Console\\Migrations\\MigrateCommand->handle()
#21 D:\\Laravel - Caintic\\laravel-sanctum-api\\vendor\\laravel\\framework\\src\\Illuminate\\Container\\Util.php(41): Illuminate\\Container\\BoundMethod::Illuminate\\Container\\{closure}()
#22 D:\\Laravel - Caintic\\laravel-sanctum-api\\vendor\\laravel\\framework\\src\\Illuminate\\Container\\BoundMethod.php(93): Illuminate\\Container\\Util::unwrapIfClosure(Object(Closure))
#23 D:\\Laravel - Caintic\\laravel-sanctum-api\\vendor\\laravel\\framework\\src\\Illuminate\\Container\\BoundMethod.php(35): Illuminate\\Container\\BoundMethod::callBoundMethod(Object(Illuminate\\Foundation\\Application), Array, Object(Closure))
#24 D:\\Laravel - Caintic\\laravel-sanctum-api\\vendor\\laravel\\framework\\src\\Illuminate\\Container\\Container.php(690): Illuminate\\Container\\BoundMethod::call(Object(Illuminate\\Foundation\\Application), Array, Array, NULL)
#25 D:\\Laravel - Caintic\\laravel-sanctum-api\\vendor\\laravel\\framework\\src\\Illuminate\\Console\\Command.php(213): Illuminate\\Container\\Container->call(Array)
#26 D:\\Laravel - Caintic\\laravel-sanctum-api\\vendor\\symfony\\console\\Command\\Command.php(279): Illuminate\\Console\\Command->execute(Object(Symfony\\Component\\Console\\Input\\ArgvInput), Object(Illuminate\\Console\\OutputStyle))
#27 D:\\Laravel - Caintic\\laravel-sanctum-api\\vendor\\laravel\\framework\\src\\Illuminate\\Console\\Command.php(182): Symfony\\Component\\Console\\Command\\Command->run(Object(Symfony\\Component\\Console\\Input\\ArgvInput), Object(Illuminate\\Console\\OutputStyle))
#28 D:\\Laravel - Caintic\\laravel-sanctum-api\\vendor\\symfony\\console\\Application.php(1047): Illuminate\\Console\\Command->run(Object(Symfony\\Component\\Console\\Input\\ArgvInput), Object(Symfony\\Component\\Console\\Output\\ConsoleOutput))
#29 D:\\Laravel - Caintic\\laravel-sanctum-api\\vendor\\symfony\\console\\Application.php(316): Symfony\\Component\\Console\\Application->doRunCommand(Object(Illuminate\\Database\\Console\\Migrations\\MigrateCommand), Object(Symfony\\Component\\Console\\Input\\ArgvInput), Object(Symfony\\Component\\Console\\Output\\ConsoleOutput))
#30 D:\\Laravel - Caintic\\laravel-sanctum-api\\vendor\\symfony\\console\\Application.php(167): Symfony\\Component\\Console\\Application->doRun(Object(Symfony\\Component\\Console\\Input\\ArgvInput), Object(Symfony\\Component\\Console\\Output\\ConsoleOutput))
#31 D:\\Laravel - Caintic\\laravel-sanctum-api\\vendor\\laravel\\framework\\src\\Illuminate\\Foundation\\Console\\Kernel.php(196): Symfony\\Component\\Console\\Application->run(Object(Symfony\\Component\\Console\\Input\\ArgvInput), Object(Symfony\\Component\\Console\\Output\\ConsoleOutput))
#32 D:\\Laravel - Caintic\\laravel-sanctum-api\\vendor\\laravel\\framework\\src\\Illuminate\\Foundation\\Application.php(1198): Illuminate\\Foundation\\Console\\Kernel->handle(Object(Symfony\\Component\\Console\\Input\\ArgvInput), Object(Symfony\\Component\\Console\\Output\\ConsoleOutput))
#33 D:\\Laravel - Caintic\\laravel-sanctum-api\\artisan(13): Illuminate\\Foundation\\Application->handleCommand(Object(Symfony\\Component\\Console\\Input\\ArgvInput))
#34 {main}

[previous exception] [object] (PDOException(code: 0): could not find driver at D:\\Laravel - Caintic\\laravel-sanctum-api\\vendor\\laravel\\framework\\src\\Illuminate\\Database\\Connectors\\Connector.php:65)
[stacktrace]
#0 D:\\Laravel - Caintic\\laravel-sanctum-api\\vendor\\laravel\\framework\\src\\Illuminate\\Database\\Connectors\\Connector.php(65): PDO->__construct('sqlite:D:\\\\Larav...', NULL, Object(SensitiveParameterValue), Array)
#1 D:\\Laravel - Caintic\\laravel-sanctum-api\\vendor\\laravel\\framework\\src\\Illuminate\\Database\\Connectors\\Connector.php(44): Illuminate\\Database\\Connectors\\Connector->createPdoConnection('sqlite:D:\\\\Larav...', NULL, NULL, Array)
#2 D:\\Laravel - Caintic\\laravel-sanctum-api\\vendor\\laravel\\framework\\src\\Illuminate\\Database\\Connectors\\SQLiteConnector.php(37): Illuminate\\Database\\Connectors\\Connector->createConnection('sqlite:D:\\\\Larav...', Array, Array)
#3 D:\\Laravel - Caintic\\laravel-sanctum-api\\vendor\\laravel\\framework\\src\\Illuminate\\Database\\Connectors\\ConnectionFactory.php(222): Illuminate\\Database\\Connectors\\SQLiteConnector->connect(Array)
#4 [internal function]: Illuminate\\Database\\Connectors\\ConnectionFactory->Illuminate\\Database\\Connectors\\{closure}()
#5 D:\\Laravel - Caintic\\laravel-sanctum-api\\vendor\\laravel\\framework\\src\\Illuminate\\Database\\Connection.php(1219): call_user_func(Object(Closure))
#6 D:\\Laravel - Caintic\\laravel-sanctum-api\\vendor\\laravel\\framework\\src\\Illuminate\\Database\\Connection.php(565): Illuminate\\Database\\Connection->getPdo()
#7 D:\\Laravel - Caintic\\laravel-sanctum-api\\vendor\\laravel\\framework\\src\\Illuminate\\Database\\Connection.php(800): Illuminate\\Database\\Connection->Illuminate\\Database\\{closure}('PRAGMA foreign_...', Array)
#8 D:\\Laravel - Caintic\\laravel-sanctum-api\\vendor\\laravel\\framework\\src\\Illuminate\\Database\\Connection.php(767): Illuminate\\Database\\Connection->runQueryCallback('PRAGMA foreign_...', Array, Object(Closure))
#9 D:\\Laravel - Caintic\\laravel-sanctum-api\\vendor\\laravel\\framework\\src\\Illuminate\\Database\\Connection.php(560): Illuminate\\Database\\Connection->run('PRAGMA foreign_...', Array, Object(Closure))
#10 D:\\Laravel - Caintic\\laravel-sanctum-api\\vendor\\laravel\\framework\\src\\Illuminate\\Database\\Schema\\Builder.php(522): Illuminate\\Database\\Connection->statement('PRAGMA foreign_...')
#11 D:\\Laravel - Caintic\\laravel-sanctum-api\\vendor\\laravel\\framework\\src\\Illuminate\\Database\\SQLiteConnection.php(38): Illuminate\\Database\\Schema\\Builder->enableForeignKeyConstraints()
#12 D:\\Laravel - Caintic\\laravel-sanctum-api\\vendor\\laravel\\framework\\src\\Illuminate\\Database\\Connectors\\ConnectionFactory.php(275): Illuminate\\Database\\SQLiteConnection->__construct(Object(Closure), 'D:\\\\Laravel - Ca...', '', Array)
#13 D:\\Laravel - Caintic\\laravel-sanctum-api\\vendor\\laravel\\framework\\src\\Illuminate\\Database\\Connectors\\ConnectionFactory.php(76): Illuminate\\Database\\Connectors\\ConnectionFactory->createConnection('sqlite', Object(Closure), 'D:\\\\Laravel - Ca...', '', Array)
#14 D:\\Laravel - Caintic\\laravel-sanctum-api\\vendor\\laravel\\framework\\src\\Illuminate\\Database\\Connectors\\ConnectionFactory.php(51): Illuminate\\Database\\Connectors\\ConnectionFactory->createSingleConnection(Array)
#15 D:\\Laravel - Caintic\\laravel-sanctum-api\\vendor\\laravel\\framework\\src\\Illuminate\\Database\\DatabaseManager.php(167): Illuminate\\Database\\Connectors\\ConnectionFactory->make(Array, 'sqlite')
#16 D:\\Laravel - Caintic\\laravel-sanctum-api\\vendor\\laravel\\framework\\src\\Illuminate\\Database\\DatabaseManager.php(93): Illuminate\\Database\\DatabaseManager->makeConnection('sqlite')
#17 D:\\Laravel - Caintic\\laravel-sanctum-api\\vendor\\laravel\\framework\\src\\Illuminate\\Database\\Migrations\\DatabaseMigrationRepository.php(226): Illuminate\\Database\\DatabaseManager->connection('sqlite')
#18 D:\\Laravel - Caintic\\laravel-sanctum-api\\vendor\\laravel\\framework\\src\\Illuminate\\Database\\Migrations\\DatabaseMigrationRepository.php(182): Illuminate\\Database\\Migrations\\DatabaseMigrationRepository->getConnection()
#19 D:\\Laravel - Caintic\\laravel-sanctum-api\\vendor\\laravel\\framework\\src\\Illuminate\\Database\\Migrations\\Migrator.php(683): Illuminate\\Database\\Migrations\\DatabaseMigrationRepository->repositoryExists()
#20 D:\\Laravel - Caintic\\laravel-sanctum-api\\vendor\\laravel\\framework\\src\\Illuminate\\Database\\Console\\Migrations\\MigrateCommand.php(164): Illuminate\\Database\\Migrations\\Migrator->repositoryExists()
#21 D:\\Laravel - Caintic\\laravel-sanctum-api\\vendor\\laravel\\framework\\src\\Illuminate\\Support\\helpers.php(319): Illuminate\\Database\\Console\\Migrations\\MigrateCommand->Illuminate\\Database\\Console\\Migrations\\{closure}(1)
#22 D:\\Laravel - Caintic\\laravel-sanctum-api\\vendor\\laravel\\framework\\src\\Illuminate\\Database\\Console\\Migrations\\MigrateCommand.php(164): retry(1, Object(Closure), 0, Object(Closure))
#23 D:\\Laravel - Caintic\\laravel-sanctum-api\\vendor\\laravel\\framework\\src\\Illuminate\\Database\\Console\\Migrations\\MigrateCommand.php(140): Illuminate\\Database\\Console\\Migrations\\MigrateCommand->repositoryExists()
#24 D:\\Laravel - Caintic\\laravel-sanctum-api\\vendor\\laravel\\framework\\src\\Illuminate\\Database\\Console\\Migrations\\MigrateCommand.php(110): Illuminate\\Database\\Console\\Migrations\\MigrateCommand->prepareDatabase()
#25 D:\\Laravel - Caintic\\laravel-sanctum-api\\vendor\\laravel\\framework\\src\\Illuminate\\Database\\Migrations\\Migrator.php(616): Illuminate\\Database\\Console\\Migrations\\MigrateCommand->Illuminate\\Database\\Console\\Migrations\\{closure}()
#26 D:\\Laravel - Caintic\\laravel-sanctum-api\\vendor\\laravel\\framework\\src\\Illuminate\\Database\\Console\\Migrations\\MigrateCommand.php(109): Illuminate\\Database\\Migrations\\Migrator->usingConnection(NULL, Object(Closure))
#27 D:\\Laravel - Caintic\\laravel-sanctum-api\\vendor\\laravel\\framework\\src\\Illuminate\\Database\\Console\\Migrations\\MigrateCommand.php(88): Illuminate\\Database\\Console\\Migrations\\MigrateCommand->runMigrations()
#28 D:\\Laravel - Caintic\\laravel-sanctum-api\\vendor\\laravel\\framework\\src\\Illuminate\\Container\\BoundMethod.php(36): Illuminate\\Database\\Console\\Migrations\\MigrateCommand->handle()
#29 D:\\Laravel - Caintic\\laravel-sanctum-api\\vendor\\laravel\\framework\\src\\Illuminate\\Container\\Util.php(41): Illuminate\\Container\\BoundMethod::Illuminate\\Container\\{closure}()
#30 D:\\Laravel - Caintic\\laravel-sanctum-api\\vendor\\laravel\\framework\\src\\Illuminate\\Container\\BoundMethod.php(93): Illuminate\\Container\\Util::unwrapIfClosure(Object(Closure))
#31 D:\\Laravel - Caintic\\laravel-sanctum-api\\vendor\\laravel\\framework\\src\\Illuminate\\Container\\BoundMethod.php(35): Illuminate\\Container\\BoundMethod::callBoundMethod(Object(Illuminate\\Foundation\\Application), Array, Object(Closure))
#32 D:\\Laravel - Caintic\\laravel-sanctum-api\\vendor\\laravel\\framework\\src\\Illuminate\\Container\\Container.php(690): Illuminate\\Container\\BoundMethod::call(Object(Illuminate\\Foundation\\Application), Array, Array, NULL)
#33 D:\\Laravel - Caintic\\laravel-sanctum-api\\vendor\\laravel\\framework\\src\\Illuminate\\Console\\Command.php(213): Illuminate\\Container\\Container->call(Array)
#34 D:\\Laravel - Caintic\\laravel-sanctum-api\\vendor\\symfony\\console\\Command\\Command.php(279): Illuminate\\Console\\Command->execute(Object(Symfony\\Component\\Console\\Input\\ArgvInput), Object(Illuminate\\Console\\OutputStyle))
#35 D:\\Laravel - Caintic\\laravel-sanctum-api\\vendor\\laravel\\framework\\src\\Illuminate\\Console\\Command.php(182): Symfony\\Component\\Console\\Command\\Command->run(Object(Symfony\\Component\\Console\\Input\\ArgvInput), Object(Illuminate\\Console\\OutputStyle))
#36 D:\\Laravel - Caintic\\laravel-sanctum-api\\vendor\\symfony\\console\\Application.php(1047): Illuminate\\Console\\Command->run(Object(Symfony\\Component\\Console\\Input\\ArgvInput), Object(Symfony\\Component\\Console\\Output\\ConsoleOutput))
#37 D:\\Laravel - Caintic\\laravel-sanctum-api\\vendor\\symfony\\console\\Application.php(316): Symfony\\Component\\Console\\Application->doRunCommand(Object(Illuminate\\Database\\Console\\Migrations\\MigrateCommand), Object(Symfony\\Component\\Console\\Input\\ArgvInput), Object(Symfony\\Component\\Console\\Output\\ConsoleOutput))
#38 D:\\Laravel - Caintic\\laravel-sanctum-api\\vendor\\symfony\\console\\Application.php(167): Symfony\\Component\\Console\\Application->doRun(Object(Symfony\\Component\\Console\\Input\\ArgvInput), Object(Symfony\\Component\\Console\\Output\\ConsoleOutput))
#39 D:\\Laravel - Caintic\\laravel-sanctum-api\\vendor\\laravel\\framework\\src\\Illuminate\\Foundation\\Console\\Kernel.php(196): Symfony\\Component\\Console\\Application->run(Object(Symfony\\Component\\Console\\Input\\ArgvInput), Object(Symfony\\Component\\Console\\Output\\ConsoleOutput))
#40 D:\\Laravel - Caintic\\laravel-sanctum-api\\vendor\\laravel\\framework\\src\\Illuminate\\Foundation\\Application.php(1198): Illuminate\\Foundation\\Console\\Kernel->handle(Object(Symfony\\Component\\Console\\Input\\ArgvInput), Object(Symfony\\Component\\Console\\Output\\ConsoleOutput))
#41 D:\\Laravel - Caintic\\laravel-sanctum-api\\artisan(13): Illuminate\\Foundation\\Application->handleCommand(Object(Symfony\\Component\\Console\\Input\\ArgvInput))
#42 {main}
"} 
[2024-07-05 01:48:26] local.ERROR: Database connection [database] not configured. {"exception":"[object] (InvalidArgumentException(code: 0): Database connection [database] not configured. at D:\\Laravel - Caintic\\laravel-sanctum-api\\vendor\\laravel\\framework\\src\\Illuminate\\Database\\DatabaseManager.php:188)
[stacktrace]
#0 D:\\Laravel - Caintic\\laravel-sanctum-api\\vendor\\laravel\\framework\\src\\Illuminate\\Database\\DatabaseManager.php(151): Illuminate\\Database\\DatabaseManager->configuration('database')
#1 D:\\Laravel - Caintic\\laravel-sanctum-api\\vendor\\laravel\\framework\\src\\Illuminate\\Database\\DatabaseManager.php(93): Illuminate\\Database\\DatabaseManager->makeConnection('database')
#2 D:\\Laravel - Caintic\\laravel-sanctum-api\\vendor\\laravel\\framework\\src\\Illuminate\\Database\\Migrations\\DatabaseMigrationRepository.php(226): Illuminate\\Database\\DatabaseManager->connection('database')
#3 D:\\Laravel - Caintic\\laravel-sanctum-api\\vendor\\laravel\\framework\\src\\Illuminate\\Database\\Migrations\\DatabaseMigrationRepository.php(182): Illuminate\\Database\\Migrations\\DatabaseMigrationRepository->getConnection()
#4 D:\\Laravel - Caintic\\laravel-sanctum-api\\vendor\\laravel\\framework\\src\\Illuminate\\Database\\Migrations\\Migrator.php(683): Illuminate\\Database\\Migrations\\DatabaseMigrationRepository->repositoryExists()
#5 D:\\Laravel - Caintic\\laravel-sanctum-api\\vendor\\laravel\\framework\\src\\Illuminate\\Database\\Console\\Migrations\\MigrateCommand.php(164): Illuminate\\Database\\Migrations\\Migrator->repositoryExists()
#6 D:\\Laravel - Caintic\\laravel-sanctum-api\\vendor\\laravel\\framework\\src\\Illuminate\\Support\\helpers.php(319): Illuminate\\Database\\Console\\Migrations\\MigrateCommand->Illuminate\\Database\\Console\\Migrations\\{closure}(1)
#7 D:\\Laravel - Caintic\\laravel-sanctum-api\\vendor\\laravel\\framework\\src\\Illuminate\\Database\\Console\\Migrations\\MigrateCommand.php(164): retry(1, Object(Closure), 0, Object(Closure))
#8 D:\\Laravel - Caintic\\laravel-sanctum-api\\vendor\\laravel\\framework\\src\\Illuminate\\Database\\Console\\Migrations\\MigrateCommand.php(140): Illuminate\\Database\\Console\\Migrations\\MigrateCommand->repositoryExists()
#9 D:\\Laravel - Caintic\\laravel-sanctum-api\\vendor\\laravel\\framework\\src\\Illuminate\\Database\\Console\\Migrations\\MigrateCommand.php(110): Illuminate\\Database\\Console\\Migrations\\MigrateCommand->prepareDatabase()
#10 D:\\Laravel - Caintic\\laravel-sanctum-api\\vendor\\laravel\\framework\\src\\Illuminate\\Database\\Migrations\\Migrator.php(616): Illuminate\\Database\\Console\\Migrations\\MigrateCommand->Illuminate\\Database\\Console\\Migrations\\{closure}()
#11 D:\\Laravel - Caintic\\laravel-sanctum-api\\vendor\\laravel\\framework\\src\\Illuminate\\Database\\Console\\Migrations\\MigrateCommand.php(109): Illuminate\\Database\\Migrations\\Migrator->usingConnection(NULL, Object(Closure))
#12 D:\\Laravel - Caintic\\laravel-sanctum-api\\vendor\\laravel\\framework\\src\\Illuminate\\Database\\Console\\Migrations\\MigrateCommand.php(88): Illuminate\\Database\\Console\\Migrations\\MigrateCommand->runMigrations()
#13 D:\\Laravel - Caintic\\laravel-sanctum-api\\vendor\\laravel\\framework\\src\\Illuminate\\Container\\BoundMethod.php(36): Illuminate\\Database\\Console\\Migrations\\MigrateCommand->handle()
#14 D:\\Laravel - Caintic\\laravel-sanctum-api\\vendor\\laravel\\framework\\src\\Illuminate\\Container\\Util.php(41): Illuminate\\Container\\BoundMethod::Illuminate\\Container\\{closure}()
#15 D:\\Laravel - Caintic\\laravel-sanctum-api\\vendor\\laravel\\framework\\src\\Illuminate\\Container\\BoundMethod.php(93): Illuminate\\Container\\Util::unwrapIfClosure(Object(Closure))
#16 D:\\Laravel - Caintic\\laravel-sanctum-api\\vendor\\laravel\\framework\\src\\Illuminate\\Container\\BoundMethod.php(35): Illuminate\\Container\\BoundMethod::callBoundMethod(Object(Illuminate\\Foundation\\Application), Array, Object(Closure))
#17 D:\\Laravel - Caintic\\laravel-sanctum-api\\vendor\\laravel\\framework\\src\\Illuminate\\Container\\Container.php(690): Illuminate\\Container\\BoundMethod::call(Object(Illuminate\\Foundation\\Application), Array, Array, NULL)
#18 D:\\Laravel - Caintic\\laravel-sanctum-api\\vendor\\laravel\\framework\\src\\Illuminate\\Console\\Command.php(213): Illuminate\\Container\\Container->call(Array)
#19 D:\\Laravel - Caintic\\laravel-sanctum-api\\vendor\\symfony\\console\\Command\\Command.php(279): Illuminate\\Console\\Command->execute(Object(Symfony\\Component\\Console\\Input\\ArgvInput), Object(Illuminate\\Console\\OutputStyle))
#20 D:\\Laravel - Caintic\\laravel-sanctum-api\\vendor\\laravel\\framework\\src\\Illuminate\\Console\\Command.php(182): Symfony\\Component\\Console\\Command\\Command->run(Object(Symfony\\Component\\Console\\Input\\ArgvInput), Object(Illuminate\\Console\\OutputStyle))
#21 D:\\Laravel - Caintic\\laravel-sanctum-api\\vendor\\symfony\\console\\Application.php(1047): Illuminate\\Console\\Command->run(Object(Symfony\\Component\\Console\\Input\\ArgvInput), Object(Symfony\\Component\\Console\\Output\\ConsoleOutput))
#22 D:\\Laravel - Caintic\\laravel-sanctum-api\\vendor\\symfony\\console\\Application.php(316): Symfony\\Component\\Console\\Application->doRunCommand(Object(Illuminate\\Database\\Console\\Migrations\\MigrateCommand), Object(Symfony\\Component\\Console\\Input\\ArgvInput), Object(Symfony\\Component\\Console\\Output\\ConsoleOutput))
#23 D:\\Laravel - Caintic\\laravel-sanctum-api\\vendor\\symfony\\console\\Application.php(167): Symfony\\Component\\Console\\Application->doRun(Object(Symfony\\Component\\Console\\Input\\ArgvInput), Object(Symfony\\Component\\Console\\Output\\ConsoleOutput))
#24 D:\\Laravel - Caintic\\laravel-sanctum-api\\vendor\\laravel\\framework\\src\\Illuminate\\Foundation\\Console\\Kernel.php(196): Symfony\\Component\\Console\\Application->run(Object(Symfony\\Component\\Console\\Input\\ArgvInput), Object(Symfony\\Component\\Console\\Output\\ConsoleOutput))
#25 D:\\Laravel - Caintic\\laravel-sanctum-api\\vendor\\laravel\\framework\\src\\Illuminate\\Foundation\\Application.php(1198): Illuminate\\Foundation\\Console\\Kernel->handle(Object(Symfony\\Component\\Console\\Input\\ArgvInput), Object(Symfony\\Component\\Console\\Output\\ConsoleOutput))
#26 D:\\Laravel - Caintic\\laravel-sanctum-api\\artisan(13): Illuminate\\Foundation\\Application->handleCommand(Object(Symfony\\Component\\Console\\Input\\ArgvInput))
#27 {main}
"} 
[2024-07-05 01:49:39] local.ERROR: Database connection [database] not configured. {"exception":"[object] (InvalidArgumentException(code: 0): Database connection [database] not configured. at D:\\Laravel - Caintic\\laravel-sanctum-api\\vendor\\laravel\\framework\\src\\Illuminate\\Database\\DatabaseManager.php:188)
[stacktrace]
#0 D:\\Laravel - Caintic\\laravel-sanctum-api\\vendor\\laravel\\framework\\src\\Illuminate\\Database\\DatabaseManager.php(151): Illuminate\\Database\\DatabaseManager->configuration('database')
#1 D:\\Laravel - Caintic\\laravel-sanctum-api\\vendor\\laravel\\framework\\src\\Illuminate\\Database\\DatabaseManager.php(93): Illuminate\\Database\\DatabaseManager->makeConnection('database')
#2 D:\\Laravel - Caintic\\laravel-sanctum-api\\vendor\\laravel\\framework\\src\\Illuminate\\Cache\\CacheManager.php(214): Illuminate\\Database\\DatabaseManager->connection('database')
#3 D:\\Laravel - Caintic\\laravel-sanctum-api\\vendor\\laravel\\framework\\src\\Illuminate\\Cache\\CacheManager.php(100): Illuminate\\Cache\\CacheManager->createDatabaseDriver(Array)
#4 D:\\Laravel - Caintic\\laravel-sanctum-api\\vendor\\laravel\\framework\\src\\Illuminate\\Cache\\CacheManager.php(61): Illuminate\\Cache\\CacheManager->resolve('database')
#5 D:\\Laravel - Caintic\\laravel-sanctum-api\\vendor\\laravel\\framework\\src\\Illuminate\\Cache\\CacheManager.php(72): Illuminate\\Cache\\CacheManager->store('database')
#6 D:\\Laravel - Caintic\\laravel-sanctum-api\\vendor\\laravel\\framework\\src\\Illuminate\\Cache\\CacheServiceProvider.php(23): Illuminate\\Cache\\CacheManager->driver()
#7 D:\\Laravel - Caintic\\laravel-sanctum-api\\vendor\\laravel\\framework\\src\\Illuminate\\Container\\Container.php(931): Illuminate\\Cache\\CacheServiceProvider->Illuminate\\Cache\\{closure}(Object(Illuminate\\Foundation\\Application), Array)
#8 D:\\Laravel - Caintic\\laravel-sanctum-api\\vendor\\laravel\\framework\\src\\Illuminate\\Container\\Container.php(815): Illuminate\\Container\\Container->build(Object(Closure))
#9 D:\\Laravel - Caintic\\laravel-sanctum-api\\vendor\\laravel\\framework\\src\\Illuminate\\Foundation\\Application.php(1041): Illuminate\\Container\\Container->resolve('cache.store', Array, true)
#10 D:\\Laravel - Caintic\\laravel-sanctum-api\\vendor\\laravel\\framework\\src\\Illuminate\\Container\\Container.php(751): Illuminate\\Foundation\\Application->resolve('cache.store', Array)
#11 D:\\Laravel - Caintic\\laravel-sanctum-api\\vendor\\laravel\\framework\\src\\Illuminate\\Foundation\\Application.php(1026): Illuminate\\Container\\Container->make('cache.store', Array)
#12 D:\\Laravel - Caintic\\laravel-sanctum-api\\vendor\\laravel\\framework\\src\\Illuminate\\Container\\Container.php(1570): Illuminate\\Foundation\\Application->make('cache.store')
#13 D:\\Laravel - Caintic\\laravel-sanctum-api\\vendor\\laravel\\framework\\src\\Illuminate\\Foundation\\Providers\\ArtisanServiceProvider.php(681): Illuminate\\Container\\Container->offsetGet('cache.store')
#14 D:\\Laravel - Caintic\\laravel-sanctum-api\\vendor\\laravel\\framework\\src\\Illuminate\\Container\\Container.php(931): Illuminate\\Foundation\\Providers\\ArtisanServiceProvider->Illuminate\\Foundation\\Providers\\{closure}(Object(Illuminate\\Foundation\\Application), Array)
#15 D:\\Laravel - Caintic\\laravel-sanctum-api\\vendor\\laravel\\framework\\src\\Illuminate\\Container\\Container.php(815): Illuminate\\Container\\Container->build(Object(Closure))
#16 D:\\Laravel - Caintic\\laravel-sanctum-api\\vendor\\laravel\\framework\\src\\Illuminate\\Foundation\\Application.php(1041): Illuminate\\Container\\Container->resolve('Illuminate\\\\Queu...', Array, true)
#17 D:\\Laravel - Caintic\\laravel-sanctum-api\\vendor\\laravel\\framework\\src\\Illuminate\\Container\\Container.php(762): Illuminate\\Foundation\\Application->resolve('Illuminate\\\\Queu...')
#18 D:\\Laravel - Caintic\\laravel-sanctum-api\\vendor\\laravel\\framework\\src\\Illuminate\\Console\\ContainerCommandLoader.php(53): Illuminate\\Container\\Container->get('Illuminate\\\\Queu...')
#19 D:\\Laravel - Caintic\\laravel-sanctum-api\\vendor\\symfony\\console\\Application.php(584): Illuminate\\Console\\ContainerCommandLoader->get('queue:restart')
#20 D:\\Laravel - Caintic\\laravel-sanctum-api\\vendor\\symfony\\console\\Application.php(774): Symfony\\Component\\Console\\Application->has('queue:restart')
#21 D:\\Laravel - Caintic\\laravel-sanctum-api\\vendor\\symfony\\console\\Application.php(597): Symfony\\Component\\Console\\Application->all()
#22 D:\\Laravel - Caintic\\laravel-sanctum-api\\vendor\\symfony\\console\\Application.php(619): Symfony\\Component\\Console\\Application->getNamespaces()
#23 D:\\Laravel - Caintic\\laravel-sanctum-api\\vendor\\symfony\\console\\Application.php(685): Symfony\\Component\\Console\\Application->findNamespace('intall')
#24 D:\\Laravel - Caintic\\laravel-sanctum-api\\vendor\\symfony\\console\\Application.php(258): Symfony\\Component\\Console\\Application->find('intall:api')
#25 D:\\Laravel - Caintic\\laravel-sanctum-api\\vendor\\symfony\\console\\Application.php(167): Symfony\\Component\\Console\\Application->doRun(Object(Symfony\\Component\\Console\\Input\\ArgvInput), Object(Symfony\\Component\\Console\\Output\\ConsoleOutput))
#26 D:\\Laravel - Caintic\\laravel-sanctum-api\\vendor\\laravel\\framework\\src\\Illuminate\\Foundation\\Console\\Kernel.php(196): Symfony\\Component\\Console\\Application->run(Object(Symfony\\Component\\Console\\Input\\ArgvInput), Object(Symfony\\Component\\Console\\Output\\ConsoleOutput))
#27 D:\\Laravel - Caintic\\laravel-sanctum-api\\vendor\\laravel\\framework\\src\\Illuminate\\Foundation\\Application.php(1198): Illuminate\\Foundation\\Console\\Kernel->handle(Object(Symfony\\Component\\Console\\Input\\ArgvInput), Object(Symfony\\Component\\Console\\Output\\ConsoleOutput))
#28 D:\\Laravel - Caintic\\laravel-sanctum-api\\artisan(13): Illuminate\\Foundation\\Application->handleCommand(Object(Symfony\\Component\\Console\\Input\\ArgvInput))
#29 {main}
"} 
[2024-07-05 01:50:11] local.ERROR: Database connection [database] not configured. {"exception":"[object] (InvalidArgumentException(code: 0): Database connection [database] not configured. at D:\\Laravel - Caintic\\laravel-sanctum-api\\vendor\\laravel\\framework\\src\\Illuminate\\Database\\DatabaseManager.php:188)
[stacktrace]
#0 D:\\Laravel - Caintic\\laravel-sanctum-api\\vendor\\laravel\\framework\\src\\Illuminate\\Database\\DatabaseManager.php(151): Illuminate\\Database\\DatabaseManager->configuration('database')
#1 D:\\Laravel - Caintic\\laravel-sanctum-api\\vendor\\laravel\\framework\\src\\Illuminate\\Database\\DatabaseManager.php(93): Illuminate\\Database\\DatabaseManager->makeConnection('database')
#2 D:\\Laravel - Caintic\\laravel-sanctum-api\\vendor\\laravel\\framework\\src\\Illuminate\\Database\\Migrations\\DatabaseMigrationRepository.php(226): Illuminate\\Database\\DatabaseManager->connection('database')
#3 D:\\Laravel - Caintic\\laravel-sanctum-api\\vendor\\laravel\\framework\\src\\Illuminate\\Database\\Migrations\\DatabaseMigrationRepository.php(182): Illuminate\\Database\\Migrations\\DatabaseMigrationRepository->getConnection()
#4 D:\\Laravel - Caintic\\laravel-sanctum-api\\vendor\\laravel\\framework\\src\\Illuminate\\Database\\Migrations\\Migrator.php(683): Illuminate\\Database\\Migrations\\DatabaseMigrationRepository->repositoryExists()
#5 D:\\Laravel - Caintic\\laravel-sanctum-api\\vendor\\laravel\\framework\\src\\Illuminate\\Database\\Console\\Migrations\\MigrateCommand.php(164): Illuminate\\Database\\Migrations\\Migrator->repositoryExists()
#6 D:\\Laravel - Caintic\\laravel-sanctum-api\\vendor\\laravel\\framework\\src\\Illuminate\\Support\\helpers.php(319): Illuminate\\Database\\Console\\Migrations\\MigrateCommand->Illuminate\\Database\\Console\\Migrations\\{closure}(1)
#7 D:\\Laravel - Caintic\\laravel-sanctum-api\\vendor\\laravel\\framework\\src\\Illuminate\\Database\\Console\\Migrations\\MigrateCommand.php(164): retry(1, Object(Closure), 0, Object(Closure))
#8 D:\\Laravel - Caintic\\laravel-sanctum-api\\vendor\\laravel\\framework\\src\\Illuminate\\Database\\Console\\Migrations\\MigrateCommand.php(140): Illuminate\\Database\\Console\\Migrations\\MigrateCommand->repositoryExists()
#9 D:\\Laravel - Caintic\\laravel-sanctum-api\\vendor\\laravel\\framework\\src\\Illuminate\\Database\\Console\\Migrations\\MigrateCommand.php(110): Illuminate\\Database\\Console\\Migrations\\MigrateCommand->prepareDatabase()
#10 D:\\Laravel - Caintic\\laravel-sanctum-api\\vendor\\laravel\\framework\\src\\Illuminate\\Database\\Migrations\\Migrator.php(616): Illuminate\\Database\\Console\\Migrations\\MigrateCommand->Illuminate\\Database\\Console\\Migrations\\{closure}()
#11 D:\\Laravel - Caintic\\laravel-sanctum-api\\vendor\\laravel\\framework\\src\\Illuminate\\Database\\Console\\Migrations\\MigrateCommand.php(109): Illuminate\\Database\\Migrations\\Migrator->usingConnection(NULL, Object(Closure))
#12 D:\\Laravel - Caintic\\laravel-sanctum-api\\vendor\\laravel\\framework\\src\\Illuminate\\Database\\Console\\Migrations\\MigrateCommand.php(88): Illuminate\\Database\\Console\\Migrations\\MigrateCommand->runMigrations()
#13 D:\\Laravel - Caintic\\laravel-sanctum-api\\vendor\\laravel\\framework\\src\\Illuminate\\Container\\BoundMethod.php(36): Illuminate\\Database\\Console\\Migrations\\MigrateCommand->handle()
#14 D:\\Laravel - Caintic\\laravel-sanctum-api\\vendor\\laravel\\framework\\src\\Illuminate\\Container\\Util.php(41): Illuminate\\Container\\BoundMethod::Illuminate\\Container\\{closure}()
#15 D:\\Laravel - Caintic\\laravel-sanctum-api\\vendor\\laravel\\framework\\src\\Illuminate\\Container\\BoundMethod.php(93): Illuminate\\Container\\Util::unwrapIfClosure(Object(Closure))
#16 D:\\Laravel - Caintic\\laravel-sanctum-api\\vendor\\laravel\\framework\\src\\Illuminate\\Container\\BoundMethod.php(35): Illuminate\\Container\\BoundMethod::callBoundMethod(Object(Illuminate\\Foundation\\Application), Array, Object(Closure))
#17 D:\\Laravel - Caintic\\laravel-sanctum-api\\vendor\\laravel\\framework\\src\\Illuminate\\Container\\Container.php(690): Illuminate\\Container\\BoundMethod::call(Object(Illuminate\\Foundation\\Application), Array, Array, NULL)
#18 D:\\Laravel - Caintic\\laravel-sanctum-api\\vendor\\laravel\\framework\\src\\Illuminate\\Console\\Command.php(213): Illuminate\\Container\\Container->call(Array)
#19 D:\\Laravel - Caintic\\laravel-sanctum-api\\vendor\\symfony\\console\\Command\\Command.php(279): Illuminate\\Console\\Command->execute(Object(Symfony\\Component\\Console\\Input\\ArrayInput), Object(Illuminate\\Console\\OutputStyle))
#20 D:\\Laravel - Caintic\\laravel-sanctum-api\\vendor\\laravel\\framework\\src\\Illuminate\\Console\\Command.php(182): Symfony\\Component\\Console\\Command\\Command->run(Object(Symfony\\Component\\Console\\Input\\ArrayInput), Object(Illuminate\\Console\\OutputStyle))
#21 D:\\Laravel - Caintic\\laravel-sanctum-api\\vendor\\laravel\\framework\\src\\Illuminate\\Console\\Concerns\\CallsCommands.php(67): Illuminate\\Console\\Command->run(Object(Symfony\\Component\\Console\\Input\\ArrayInput), Object(Illuminate\\Console\\OutputStyle))
#22 D:\\Laravel - Caintic\\laravel-sanctum-api\\vendor\\laravel\\framework\\src\\Illuminate\\Console\\Concerns\\CallsCommands.php(28): Illuminate\\Console\\Command->runCommand('migrate', Array, Object(Illuminate\\Console\\OutputStyle))
#23 D:\\Laravel - Caintic\\laravel-sanctum-api\\vendor\\laravel\\framework\\src\\Illuminate\\Foundation\\Console\\ApiInstallCommand.php(78): Illuminate\\Console\\Command->call('migrate')
#24 D:\\Laravel - Caintic\\laravel-sanctum-api\\vendor\\laravel\\framework\\src\\Illuminate\\Container\\BoundMethod.php(36): Illuminate\\Foundation\\Console\\ApiInstallCommand->handle()
#25 D:\\Laravel - Caintic\\laravel-sanctum-api\\vendor\\laravel\\framework\\src\\Illuminate\\Container\\Util.php(41): Illuminate\\Container\\BoundMethod::Illuminate\\Container\\{closure}()
#26 D:\\Laravel - Caintic\\laravel-sanctum-api\\vendor\\laravel\\framework\\src\\Illuminate\\Container\\BoundMethod.php(93): Illuminate\\Container\\Util::unwrapIfClosure(Object(Closure))
#27 D:\\Laravel - Caintic\\laravel-sanctum-api\\vendor\\laravel\\framework\\src\\Illuminate\\Container\\BoundMethod.php(35): Illuminate\\Container\\BoundMethod::callBoundMethod(Object(Illuminate\\Foundation\\Application), Array, Object(Closure))
#28 D:\\Laravel - Caintic\\laravel-sanctum-api\\vendor\\laravel\\framework\\src\\Illuminate\\Container\\Container.php(690): Illuminate\\Container\\BoundMethod::call(Object(Illuminate\\Foundation\\Application), Array, Array, NULL)
#29 D:\\Laravel - Caintic\\laravel-sanctum-api\\vendor\\laravel\\framework\\src\\Illuminate\\Console\\Command.php(213): Illuminate\\Container\\Container->call(Array)
#30 D:\\Laravel - Caintic\\laravel-sanctum-api\\vendor\\symfony\\console\\Command\\Command.php(279): Illuminate\\Console\\Command->execute(Object(Symfony\\Component\\Console\\Input\\ArgvInput), Object(Illuminate\\Console\\OutputStyle))
#31 D:\\Laravel - Caintic\\laravel-sanctum-api\\vendor\\laravel\\framework\\src\\Illuminate\\Console\\Command.php(182): Symfony\\Component\\Console\\Command\\Command->run(Object(Symfony\\Component\\Console\\Input\\ArgvInput), Object(Illuminate\\Console\\OutputStyle))
#32 D:\\Laravel - Caintic\\laravel-sanctum-api\\vendor\\symfony\\console\\Application.php(1047): Illuminate\\Console\\Command->run(Object(Symfony\\Component\\Console\\Input\\ArgvInput), Object(Symfony\\Component\\Console\\Output\\ConsoleOutput))
#33 D:\\Laravel - Caintic\\laravel-sanctum-api\\vendor\\symfony\\console\\Application.php(316): Symfony\\Component\\Console\\Application->doRunCommand(Object(Illuminate\\Foundation\\Console\\ApiInstallCommand), Object(Symfony\\Component\\Console\\Input\\ArgvInput), Object(Symfony\\Component\\Console\\Output\\ConsoleOutput))
#34 D:\\Laravel - Caintic\\laravel-sanctum-api\\vendor\\symfony\\console\\Application.php(167): Symfony\\Component\\Console\\Application->doRun(Object(Symfony\\Component\\Console\\Input\\ArgvInput), Object(Symfony\\Component\\Console\\Output\\ConsoleOutput))
#35 D:\\Laravel - Caintic\\laravel-sanctum-api\\vendor\\laravel\\framework\\src\\Illuminate\\Foundation\\Console\\Kernel.php(196): Symfony\\Component\\Console\\Application->run(Object(Symfony\\Component\\Console\\Input\\ArgvInput), Object(Symfony\\Component\\Console\\Output\\ConsoleOutput))
#36 D:\\Laravel - Caintic\\laravel-sanctum-api\\vendor\\laravel\\framework\\src\\Illuminate\\Foundation\\Application.php(1198): Illuminate\\Foundation\\Console\\Kernel->handle(Object(Symfony\\Component\\Console\\Input\\ArgvInput), Object(Symfony\\Component\\Console\\Output\\ConsoleOutput))
#37 D:\\Laravel - Caintic\\laravel-sanctum-api\\artisan(13): Illuminate\\Foundation\\Application->handleCommand(Object(Symfony\\Component\\Console\\Input\\ArgvInput))
#38 {main}
"} 
[2024-07-05 01:52:20] local.ERROR: Database connection [database] not configured. {"exception":"[object] (InvalidArgumentException(code: 0): Database connection [database] not configured. at D:\\Laravel - Caintic\\laravel-sanctum-api\\vendor\\laravel\\framework\\src\\Illuminate\\Database\\DatabaseManager.php:188)
[stacktrace]
#0 D:\\Laravel - Caintic\\laravel-sanctum-api\\vendor\\laravel\\framework\\src\\Illuminate\\Database\\DatabaseManager.php(151): Illuminate\\Database\\DatabaseManager->configuration('database')
#1 D:\\Laravel - Caintic\\laravel-sanctum-api\\vendor\\laravel\\framework\\src\\Illuminate\\Database\\DatabaseManager.php(93): Illuminate\\Database\\DatabaseManager->makeConnection('database')
#2 D:\\Laravel - Caintic\\laravel-sanctum-api\\vendor\\laravel\\framework\\src\\Illuminate\\Database\\Migrations\\DatabaseMigrationRepository.php(226): Illuminate\\Database\\DatabaseManager->connection('database')
#3 D:\\Laravel - Caintic\\laravel-sanctum-api\\vendor\\laravel\\framework\\src\\Illuminate\\Database\\Migrations\\DatabaseMigrationRepository.php(182): Illuminate\\Database\\Migrations\\DatabaseMigrationRepository->getConnection()
#4 D:\\Laravel - Caintic\\laravel-sanctum-api\\vendor\\laravel\\framework\\src\\Illuminate\\Database\\Migrations\\Migrator.php(683): Illuminate\\Database\\Migrations\\DatabaseMigrationRepository->repositoryExists()
#5 D:\\Laravel - Caintic\\laravel-sanctum-api\\vendor\\laravel\\framework\\src\\Illuminate\\Database\\Console\\Migrations\\MigrateCommand.php(164): Illuminate\\Database\\Migrations\\Migrator->repositoryExists()
#6 D:\\Laravel - Caintic\\laravel-sanctum-api\\vendor\\laravel\\framework\\src\\Illuminate\\Support\\helpers.php(319): Illuminate\\Database\\Console\\Migrations\\MigrateCommand->Illuminate\\Database\\Console\\Migrations\\{closure}(1)
#7 D:\\Laravel - Caintic\\laravel-sanctum-api\\vendor\\laravel\\framework\\src\\Illuminate\\Database\\Console\\Migrations\\MigrateCommand.php(164): retry(1, Object(Closure), 0, Object(Closure))
#8 D:\\Laravel - Caintic\\laravel-sanctum-api\\vendor\\laravel\\framework\\src\\Illuminate\\Database\\Console\\Migrations\\MigrateCommand.php(140): Illuminate\\Database\\Console\\Migrations\\MigrateCommand->repositoryExists()
#9 D:\\Laravel - Caintic\\laravel-sanctum-api\\vendor\\laravel\\framework\\src\\Illuminate\\Database\\Console\\Migrations\\MigrateCommand.php(110): Illuminate\\Database\\Console\\Migrations\\MigrateCommand->prepareDatabase()
#10 D:\\Laravel - Caintic\\laravel-sanctum-api\\vendor\\laravel\\framework\\src\\Illuminate\\Database\\Migrations\\Migrator.php(616): Illuminate\\Database\\Console\\Migrations\\MigrateCommand->Illuminate\\Database\\Console\\Migrations\\{closure}()
#11 D:\\Laravel - Caintic\\laravel-sanctum-api\\vendor\\laravel\\framework\\src\\Illuminate\\Database\\Console\\Migrations\\MigrateCommand.php(109): Illuminate\\Database\\Migrations\\Migrator->usingConnection(NULL, Object(Closure))
#12 D:\\Laravel - Caintic\\laravel-sanctum-api\\vendor\\laravel\\framework\\src\\Illuminate\\Database\\Console\\Migrations\\MigrateCommand.php(88): Illuminate\\Database\\Console\\Migrations\\MigrateCommand->runMigrations()
#13 D:\\Laravel - Caintic\\laravel-sanctum-api\\vendor\\laravel\\framework\\src\\Illuminate\\Container\\BoundMethod.php(36): Illuminate\\Database\\Console\\Migrations\\MigrateCommand->handle()
#14 D:\\Laravel - Caintic\\laravel-sanctum-api\\vendor\\laravel\\framework\\src\\Illuminate\\Container\\Util.php(41): Illuminate\\Container\\BoundMethod::Illuminate\\Container\\{closure}()
#15 D:\\Laravel - Caintic\\laravel-sanctum-api\\vendor\\laravel\\framework\\src\\Illuminate\\Container\\BoundMethod.php(93): Illuminate\\Container\\Util::unwrapIfClosure(Object(Closure))
#16 D:\\Laravel - Caintic\\laravel-sanctum-api\\vendor\\laravel\\framework\\src\\Illuminate\\Container\\BoundMethod.php(35): Illuminate\\Container\\BoundMethod::callBoundMethod(Object(Illuminate\\Foundation\\Application), Array, Object(Closure))
#17 D:\\Laravel - Caintic\\laravel-sanctum-api\\vendor\\laravel\\framework\\src\\Illuminate\\Container\\Container.php(690): Illuminate\\Container\\BoundMethod::call(Object(Illuminate\\Foundation\\Application), Array, Array, NULL)
#18 D:\\Laravel - Caintic\\laravel-sanctum-api\\vendor\\laravel\\framework\\src\\Illuminate\\Console\\Command.php(213): Illuminate\\Container\\Container->call(Array)
#19 D:\\Laravel - Caintic\\laravel-sanctum-api\\vendor\\symfony\\console\\Command\\Command.php(279): Illuminate\\Console\\Command->execute(Object(Symfony\\Component\\Console\\Input\\ArgvInput), Object(Illuminate\\Console\\OutputStyle))
#20 D:\\Laravel - Caintic\\laravel-sanctum-api\\vendor\\laravel\\framework\\src\\Illuminate\\Console\\Command.php(182): Symfony\\Component\\Console\\Command\\Command->run(Object(Symfony\\Component\\Console\\Input\\ArgvInput), Object(Illuminate\\Console\\OutputStyle))
#21 D:\\Laravel - Caintic\\laravel-sanctum-api\\vendor\\symfony\\console\\Application.php(1047): Illuminate\\Console\\Command->run(Object(Symfony\\Component\\Console\\Input\\ArgvInput), Object(Symfony\\Component\\Console\\Output\\ConsoleOutput))
#22 D:\\Laravel - Caintic\\laravel-sanctum-api\\vendor\\symfony\\console\\Application.php(316): Symfony\\Component\\Console\\Application->doRunCommand(Object(Illuminate\\Database\\Console\\Migrations\\MigrateCommand), Object(Symfony\\Component\\Console\\Input\\ArgvInput), Object(Symfony\\Component\\Console\\Output\\ConsoleOutput))
#23 D:\\Laravel - Caintic\\laravel-sanctum-api\\vendor\\symfony\\console\\Application.php(167): Symfony\\Component\\Console\\Application->doRun(Object(Symfony\\Component\\Console\\Input\\ArgvInput), Object(Symfony\\Component\\Console\\Output\\ConsoleOutput))
#24 D:\\Laravel - Caintic\\laravel-sanctum-api\\vendor\\laravel\\framework\\src\\Illuminate\\Foundation\\Console\\Kernel.php(196): Symfony\\Component\\Console\\Application->run(Object(Symfony\\Component\\Console\\Input\\ArgvInput), Object(Symfony\\Component\\Console\\Output\\ConsoleOutput))
#25 D:\\Laravel - Caintic\\laravel-sanctum-api\\vendor\\laravel\\framework\\src\\Illuminate\\Foundation\\Application.php(1198): Illuminate\\Foundation\\Console\\Kernel->handle(Object(Symfony\\Component\\Console\\Input\\ArgvInput), Object(Symfony\\Component\\Console\\Output\\ConsoleOutput))
#26 D:\\Laravel - Caintic\\laravel-sanctum-api\\artisan(13): Illuminate\\Foundation\\Application->handleCommand(Object(Symfony\\Component\\Console\\Input\\ArgvInput))
#27 {main}
"} 
[2024-07-05 02:15:43] local.ERROR: Command "ui" is not defined. {"exception":"[object] (Symfony\\Component\\Console\\Exception\\CommandNotFoundException(code: 0): Command \"ui\" is not defined. at D:\\Laravel - Caintic\\laravel-sanctum-api\\vendor\\symfony\\console\\Application.php:702)
[stacktrace]
#0 D:\\Laravel - Caintic\\laravel-sanctum-api\\vendor\\symfony\\console\\Application.php(258): Symfony\\Component\\Console\\Application->find('ui')
#1 D:\\Laravel - Caintic\\laravel-sanctum-api\\vendor\\symfony\\console\\Application.php(167): Symfony\\Component\\Console\\Application->doRun(Object(Symfony\\Component\\Console\\Input\\ArgvInput), Object(Symfony\\Component\\Console\\Output\\ConsoleOutput))
#2 D:\\Laravel - Caintic\\laravel-sanctum-api\\vendor\\laravel\\framework\\src\\Illuminate\\Foundation\\Console\\Kernel.php(196): Symfony\\Component\\Console\\Application->run(Object(Symfony\\Component\\Console\\Input\\ArgvInput), Object(Symfony\\Component\\Console\\Output\\ConsoleOutput))
#3 D:\\Laravel - Caintic\\laravel-sanctum-api\\vendor\\laravel\\framework\\src\\Illuminate\\Foundation\\Application.php(1198): Illuminate\\Foundation\\Console\\Kernel->handle(Object(Symfony\\Component\\Console\\Input\\ArgvInput), Object(Symfony\\Component\\Console\\Output\\ConsoleOutput))
#4 D:\\Laravel - Caintic\\laravel-sanctum-api\\artisan(13): Illuminate\\Foundation\\Application->handleCommand(Object(Symfony\\Component\\Console\\Input\\ArgvInput))
#5 {main}
"} 
[2024-07-05 02:19:53] local.ERROR: Add [name] to fillable property to allow mass assignment on [App\Models\User]. {"exception":"[object] (Illuminate\\Database\\Eloquent\\MassAssignmentException(code: 0): Add [name] to fillable property to allow mass assignment on [App\\Models\\User]. at D:\\Laravel - Caintic\\laravel-sanctum-api\\vendor\\laravel\\framework\\src\\Illuminate\\Database\\Eloquent\\Model.php:525)
[stacktrace]
#0 D:\\Laravel - Caintic\\laravel-sanctum-api\\vendor\\laravel\\framework\\src\\Illuminate\\Database\\Eloquent\\Model.php(614): Illuminate\\Database\\Eloquent\\Model->fill(Array)
#1 D:\\Laravel - Caintic\\laravel-sanctum-api\\vendor\\laravel\\framework\\src\\Illuminate\\Database\\Eloquent\\Builder.php(1582): Illuminate\\Database\\Eloquent\\Model->newInstance(Array)
#2 D:\\Laravel - Caintic\\laravel-sanctum-api\\vendor\\laravel\\framework\\src\\Illuminate\\Database\\Eloquent\\Builder.php(1067): Illuminate\\Database\\Eloquent\\Builder->newModelInstance(Array)
#3 D:\\Laravel - Caintic\\laravel-sanctum-api\\vendor\\laravel\\framework\\src\\Illuminate\\Support\\Traits\\ForwardsCalls.php(23): Illuminate\\Database\\Eloquent\\Builder->create(Array)
#4 D:\\Laravel - Caintic\\laravel-sanctum-api\\vendor\\laravel\\framework\\src\\Illuminate\\Database\\Eloquent\\Model.php(2340): Illuminate\\Database\\Eloquent\\Model->forwardCallTo(Object(Illuminate\\Database\\Eloquent\\Builder), 'create', Array)
#5 D:\\Laravel - Caintic\\laravel-sanctum-api\\vendor\\laravel\\framework\\src\\Illuminate\\Database\\Eloquent\\Model.php(2352): Illuminate\\Database\\Eloquent\\Model->__call('create', Array)
#6 D:\\Laravel - Caintic\\laravel-sanctum-api\\app\\Http\\Controllers\\Auth\\RegisterController.php(66): Illuminate\\Database\\Eloquent\\Model::__callStatic('create', Array)
#7 D:\\Laravel - Caintic\\laravel-sanctum-api\\vendor\\laravel\\ui\\auth-backend\\RegistersUsers.php(34): App\\Http\\Controllers\\Auth\\RegisterController->create(Array)
#8 D:\\Laravel - Caintic\\laravel-sanctum-api\\vendor\\laravel\\framework\\src\\Illuminate\\Routing\\Controller.php(54): App\\Http\\Controllers\\Auth\\RegisterController->register(Object(Illuminate\\Http\\Request))
#9 D:\\Laravel - Caintic\\laravel-sanctum-api\\vendor\\laravel\\framework\\src\\Illuminate\\Routing\\ControllerDispatcher.php(43): Illuminate\\Routing\\Controller->callAction('register', Array)
#10 D:\\Laravel - Caintic\\laravel-sanctum-api\\vendor\\laravel\\framework\\src\\Illuminate\\Routing\\Route.php(260): Illuminate\\Routing\\ControllerDispatcher->dispatch(Object(Illuminate\\Routing\\Route), Object(App\\Http\\Controllers\\Auth\\RegisterController), 'register')
#11 D:\\Laravel - Caintic\\laravel-sanctum-api\\vendor\\laravel\\framework\\src\\Illuminate\\Routing\\Route.php(206): Illuminate\\Routing\\Route->runController()
#12 D:\\Laravel - Caintic\\laravel-sanctum-api\\vendor\\laravel\\framework\\src\\Illuminate\\Routing\\Router.php(806): Illuminate\\Routing\\Route->run()
#13 D:\\Laravel - Caintic\\laravel-sanctum-api\\vendor\\laravel\\framework\\src\\Illuminate\\Pipeline\\Pipeline.php(144): Illuminate\\Routing\\Router->Illuminate\\Routing\\{closure}(Object(Illuminate\\Http\\Request))
#14 D:\\Laravel - Caintic\\laravel-sanctum-api\\vendor\\laravel\\framework\\src\\Illuminate\\Auth\\Middleware\\RedirectIfAuthenticated.php(35): Illuminate\\Pipeline\\Pipeline->Illuminate\\Pipeline\\{closure}(Object(Illuminate\\Http\\Request))
#15 D:\\Laravel - Caintic\\laravel-sanctum-api\\vendor\\laravel\\framework\\src\\Illuminate\\Pipeline\\Pipeline.php(183): Illuminate\\Auth\\Middleware\\RedirectIfAuthenticated->handle(Object(Illuminate\\Http\\Request), Object(Closure))
#16 D:\\Laravel - Caintic\\laravel-sanctum-api\\vendor\\laravel\\framework\\src\\Illuminate\\Routing\\Middleware\\SubstituteBindings.php(50): Illuminate\\Pipeline\\Pipeline->Illuminate\\Pipeline\\{closure}(Object(Illuminate\\Http\\Request))
#17 D:\\Laravel - Caintic\\laravel-sanctum-api\\vendor\\laravel\\framework\\src\\Illuminate\\Pipeline\\Pipeline.php(183): Illuminate\\Routing\\Middleware\\SubstituteBindings->handle(Object(Illuminate\\Http\\Request), Object(Closure))
#18 D:\\Laravel - Caintic\\laravel-sanctum-api\\vendor\\laravel\\framework\\src\\Illuminate\\Foundation\\Http\\Middleware\\VerifyCsrfToken.php(88): Illuminate\\Pipeline\\Pipeline->Illuminate\\Pipeline\\{closure}(Object(Illuminate\\Http\\Request))
#19 D:\\Laravel - Caintic\\laravel-sanctum-api\\vendor\\laravel\\framework\\src\\Illuminate\\Pipeline\\Pipeline.php(183): Illuminate\\Foundation\\Http\\Middleware\\VerifyCsrfToken->handle(Object(Illuminate\\Http\\Request), Object(Closure))
#20 D:\\Laravel - Caintic\\laravel-sanctum-api\\vendor\\laravel\\framework\\src\\Illuminate\\View\\Middleware\\ShareErrorsFromSession.php(49): Illuminate\\Pipeline\\Pipeline->Illuminate\\Pipeline\\{closure}(Object(Illuminate\\Http\\Request))
#21 D:\\Laravel - Caintic\\laravel-sanctum-api\\vendor\\laravel\\framework\\src\\Illuminate\\Pipeline\\Pipeline.php(183): Illuminate\\View\\Middleware\\ShareErrorsFromSession->handle(Object(Illuminate\\Http\\Request), Object(Closure))
#22 D:\\Laravel - Caintic\\laravel-sanctum-api\\vendor\\laravel\\framework\\src\\Illuminate\\Session\\Middleware\\StartSession.php(121): Illuminate\\Pipeline\\Pipeline->Illuminate\\Pipeline\\{closure}(Object(Illuminate\\Http\\Request))
#23 D:\\Laravel - Caintic\\laravel-sanctum-api\\vendor\\laravel\\framework\\src\\Illuminate\\Session\\Middleware\\StartSession.php(64): Illuminate\\Session\\Middleware\\StartSession->handleStatefulRequest(Object(Illuminate\\Http\\Request), Object(Illuminate\\Session\\Store), Object(Closure))
#24 D:\\Laravel - Caintic\\laravel-sanctum-api\\vendor\\laravel\\framework\\src\\Illuminate\\Pipeline\\Pipeline.php(183): Illuminate\\Session\\Middleware\\StartSession->handle(Object(Illuminate\\Http\\Request), Object(Closure))
#25 D:\\Laravel - Caintic\\laravel-sanctum-api\\vendor\\laravel\\framework\\src\\Illuminate\\Cookie\\Middleware\\AddQueuedCookiesToResponse.php(37): Illuminate\\Pipeline\\Pipeline->Illuminate\\Pipeline\\{closure}(Object(Illuminate\\Http\\Request))
#26 D:\\Laravel - Caintic\\laravel-sanctum-api\\vendor\\laravel\\framework\\src\\Illuminate\\Pipeline\\Pipeline.php(183): Illuminate\\Cookie\\Middleware\\AddQueuedCookiesToResponse->handle(Object(Illuminate\\Http\\Request), Object(Closure))
#27 D:\\Laravel - Caintic\\laravel-sanctum-api\\vendor\\laravel\\framework\\src\\Illuminate\\Cookie\\Middleware\\EncryptCookies.php(75): Illuminate\\Pipeline\\Pipeline->Illuminate\\Pipeline\\{closure}(Object(Illuminate\\Http\\Request))
#28 D:\\Laravel - Caintic\\laravel-sanctum-api\\vendor\\laravel\\framework\\src\\Illuminate\\Pipeline\\Pipeline.php(183): Illuminate\\Cookie\\Middleware\\EncryptCookies->handle(Object(Illuminate\\Http\\Request), Object(Closure))
#29 D:\\Laravel - Caintic\\laravel-sanctum-api\\vendor\\laravel\\framework\\src\\Illuminate\\Pipeline\\Pipeline.php(119): Illuminate\\Pipeline\\Pipeline->Illuminate\\Pipeline\\{closure}(Object(Illuminate\\Http\\Request))
#30 D:\\Laravel - Caintic\\laravel-sanctum-api\\vendor\\laravel\\framework\\src\\Illuminate\\Routing\\Router.php(805): Illuminate\\Pipeline\\Pipeline->then(Object(Closure))
#31 D:\\Laravel - Caintic\\laravel-sanctum-api\\vendor\\laravel\\framework\\src\\Illuminate\\Routing\\Router.php(784): Illuminate\\Routing\\Router->runRouteWithinStack(Object(Illuminate\\Routing\\Route), Object(Illuminate\\Http\\Request))
#32 D:\\Laravel - Caintic\\laravel-sanctum-api\\vendor\\laravel\\framework\\src\\Illuminate\\Routing\\Router.php(748): Illuminate\\Routing\\Router->runRoute(Object(Illuminate\\Http\\Request), Object(Illuminate\\Routing\\Route))
#33 D:\\Laravel - Caintic\\laravel-sanctum-api\\vendor\\laravel\\framework\\src\\Illuminate\\Routing\\Router.php(737): Illuminate\\Routing\\Router->dispatchToRoute(Object(Illuminate\\Http\\Request))
#34 D:\\Laravel - Caintic\\laravel-sanctum-api\\vendor\\laravel\\framework\\src\\Illuminate\\Foundation\\Http\\Kernel.php(200): Illuminate\\Routing\\Router->dispatch(Object(Illuminate\\Http\\Request))
#35 D:\\Laravel - Caintic\\laravel-sanctum-api\\vendor\\laravel\\framework\\src\\Illuminate\\Pipeline\\Pipeline.php(144): Illuminate\\Foundation\\Http\\Kernel->Illuminate\\Foundation\\Http\\{closure}(Object(Illuminate\\Http\\Request))
#36 D:\\Laravel - Caintic\\laravel-sanctum-api\\vendor\\laravel\\framework\\src\\Illuminate\\Foundation\\Http\\Middleware\\TransformsRequest.php(21): Illuminate\\Pipeline\\Pipeline->Illuminate\\Pipeline\\{closure}(Object(Illuminate\\Http\\Request))
#37 D:\\Laravel - Caintic\\laravel-sanctum-api\\vendor\\laravel\\framework\\src\\Illuminate\\Foundation\\Http\\Middleware\\ConvertEmptyStringsToNull.php(31): Illuminate\\Foundation\\Http\\Middleware\\TransformsRequest->handle(Object(Illuminate\\Http\\Request), Object(Closure))
#38 D:\\Laravel - Caintic\\laravel-sanctum-api\\vendor\\laravel\\framework\\src\\Illuminate\\Pipeline\\Pipeline.php(183): Illuminate\\Foundation\\Http\\Middleware\\ConvertEmptyStringsToNull->handle(Object(Illuminate\\Http\\Request), Object(Closure))
#39 D:\\Laravel - Caintic\\laravel-sanctum-api\\vendor\\laravel\\framework\\src\\Illuminate\\Foundation\\Http\\Middleware\\TransformsRequest.php(21): Illuminate\\Pipeline\\Pipeline->Illuminate\\Pipeline\\{closure}(Object(Illuminate\\Http\\Request))
#40 D:\\Laravel - Caintic\\laravel-sanctum-api\\vendor\\laravel\\framework\\src\\Illuminate\\Foundation\\Http\\Middleware\\TrimStrings.php(51): Illuminate\\Foundation\\Http\\Middleware\\TransformsRequest->handle(Object(Illuminate\\Http\\Request), Object(Closure))
#41 D:\\Laravel - Caintic\\laravel-sanctum-api\\vendor\\laravel\\framework\\src\\Illuminate\\Pipeline\\Pipeline.php(183): Illuminate\\Foundation\\Http\\Middleware\\TrimStrings->handle(Object(Illuminate\\Http\\Request), Object(Closure))
#42 D:\\Laravel - Caintic\\laravel-sanctum-api\\vendor\\laravel\\framework\\src\\Illuminate\\Http\\Middleware\\ValidatePostSize.php(27): Illuminate\\Pipeline\\Pipeline->Illuminate\\Pipeline\\{closure}(Object(Illuminate\\Http\\Request))
#43 D:\\Laravel - Caintic\\laravel-sanctum-api\\vendor\\laravel\\framework\\src\\Illuminate\\Pipeline\\Pipeline.php(183): Illuminate\\Http\\Middleware\\ValidatePostSize->handle(Object(Illuminate\\Http\\Request), Object(Closure))
#44 D:\\Laravel - Caintic\\laravel-sanctum-api\\vendor\\laravel\\framework\\src\\Illuminate\\Foundation\\Http\\Middleware\\PreventRequestsDuringMaintenance.php(110): Illuminate\\Pipeline\\Pipeline->Illuminate\\Pipeline\\{closure}(Object(Illuminate\\Http\\Request))
#45 D:\\Laravel - Caintic\\laravel-sanctum-api\\vendor\\laravel\\framework\\src\\Illuminate\\Pipeline\\Pipeline.php(183): Illuminate\\Foundation\\Http\\Middleware\\PreventRequestsDuringMaintenance->handle(Object(Illuminate\\Http\\Request), Object(Closure))
#46 D:\\Laravel - Caintic\\laravel-sanctum-api\\vendor\\laravel\\framework\\src\\Illuminate\\Http\\Middleware\\HandleCors.php(49): Illuminate\\Pipeline\\Pipeline->Illuminate\\Pipeline\\{closure}(Object(Illuminate\\Http\\Request))
#47 D:\\Laravel - Caintic\\laravel-sanctum-api\\vendor\\laravel\\framework\\src\\Illuminate\\Pipeline\\Pipeline.php(183): Illuminate\\Http\\Middleware\\HandleCors->handle(Object(Illuminate\\Http\\Request), Object(Closure))
#48 D:\\Laravel - Caintic\\laravel-sanctum-api\\vendor\\laravel\\framework\\src\\Illuminate\\Http\\Middleware\\TrustProxies.php(57): Illuminate\\Pipeline\\Pipeline->Illuminate\\Pipeline\\{closure}(Object(Illuminate\\Http\\Request))
#49 D:\\Laravel - Caintic\\laravel-sanctum-api\\vendor\\laravel\\framework\\src\\Illuminate\\Pipeline\\Pipeline.php(183): Illuminate\\Http\\Middleware\\TrustProxies->handle(Object(Illuminate\\Http\\Request), Object(Closure))
#50 D:\\Laravel - Caintic\\laravel-sanctum-api\\vendor\\laravel\\framework\\src\\Illuminate\\Pipeline\\Pipeline.php(119): Illuminate\\Pipeline\\Pipeline->Illuminate\\Pipeline\\{closure}(Object(Illuminate\\Http\\Request))
#51 D:\\Laravel - Caintic\\laravel-sanctum-api\\vendor\\laravel\\framework\\src\\Illuminate\\Foundation\\Http\\Kernel.php(175): Illuminate\\Pipeline\\Pipeline->then(Object(Closure))
#52 D:\\Laravel - Caintic\\laravel-sanctum-api\\vendor\\laravel\\framework\\src\\Illuminate\\Foundation\\Http\\Kernel.php(144): Illuminate\\Foundation\\Http\\Kernel->sendRequestThroughRouter(Object(Illuminate\\Http\\Request))
#53 D:\\Laravel - Caintic\\laravel-sanctum-api\\vendor\\laravel\\framework\\src\\Illuminate\\Foundation\\Application.php(1183): Illuminate\\Foundation\\Http\\Kernel->handle(Object(Illuminate\\Http\\Request))
#54 D:\\Laravel - Caintic\\laravel-sanctum-api\\public\\index.php(17): Illuminate\\Foundation\\Application->handleRequest(Object(Illuminate\\Http\\Request))
#55 D:\\Laravel - Caintic\\laravel-sanctum-api\\vendor\\laravel\\framework\\src\\Illuminate\\Foundation\\resources\\server.php(23): require_once('D:\\\\Laravel - Ca...')
#56 {main}
"} 
[2024-07-05 02:21:04] local.ERROR: Add [name] to fillable property to allow mass assignment on [App\Models\User]. {"exception":"[object] (Illuminate\\Database\\Eloquent\\MassAssignmentException(code: 0): Add [name] to fillable property to allow mass assignment on [App\\Models\\User]. at D:\\Laravel - Caintic\\laravel-sanctum-api\\vendor\\laravel\\framework\\src\\Illuminate\\Database\\Eloquent\\Model.php:525)
[stacktrace]
#0 D:\\Laravel - Caintic\\laravel-sanctum-api\\vendor\\laravel\\framework\\src\\Illuminate\\Database\\Eloquent\\Model.php(614): Illuminate\\Database\\Eloquent\\Model->fill(Array)
#1 D:\\Laravel - Caintic\\laravel-sanctum-api\\vendor\\laravel\\framework\\src\\Illuminate\\Database\\Eloquent\\Builder.php(1582): Illuminate\\Database\\Eloquent\\Model->newInstance(Array)
#2 D:\\Laravel - Caintic\\laravel-sanctum-api\\vendor\\laravel\\framework\\src\\Illuminate\\Database\\Eloquent\\Builder.php(1067): Illuminate\\Database\\Eloquent\\Builder->newModelInstance(Array)
#3 D:\\Laravel - Caintic\\laravel-sanctum-api\\vendor\\laravel\\framework\\src\\Illuminate\\Support\\Traits\\ForwardsCalls.php(23): Illuminate\\Database\\Eloquent\\Builder->create(Array)
#4 D:\\Laravel - Caintic\\laravel-sanctum-api\\vendor\\laravel\\framework\\src\\Illuminate\\Database\\Eloquent\\Model.php(2340): Illuminate\\Database\\Eloquent\\Model->forwardCallTo(Object(Illuminate\\Database\\Eloquent\\Builder), 'create', Array)
#5 D:\\Laravel - Caintic\\laravel-sanctum-api\\vendor\\laravel\\framework\\src\\Illuminate\\Database\\Eloquent\\Model.php(2352): Illuminate\\Database\\Eloquent\\Model->__call('create', Array)
#6 D:\\Laravel - Caintic\\laravel-sanctum-api\\app\\Http\\Controllers\\Auth\\RegisterController.php(66): Illuminate\\Database\\Eloquent\\Model::__callStatic('create', Array)
#7 D:\\Laravel - Caintic\\laravel-sanctum-api\\vendor\\laravel\\ui\\auth-backend\\RegistersUsers.php(34): App\\Http\\Controllers\\Auth\\RegisterController->create(Array)
#8 D:\\Laravel - Caintic\\laravel-sanctum-api\\vendor\\laravel\\framework\\src\\Illuminate\\Routing\\Controller.php(54): App\\Http\\Controllers\\Auth\\RegisterController->register(Object(Illuminate\\Http\\Request))
#9 D:\\Laravel - Caintic\\laravel-sanctum-api\\vendor\\laravel\\framework\\src\\Illuminate\\Routing\\ControllerDispatcher.php(43): Illuminate\\Routing\\Controller->callAction('register', Array)
#10 D:\\Laravel - Caintic\\laravel-sanctum-api\\vendor\\laravel\\framework\\src\\Illuminate\\Routing\\Route.php(260): Illuminate\\Routing\\ControllerDispatcher->dispatch(Object(Illuminate\\Routing\\Route), Object(App\\Http\\Controllers\\Auth\\RegisterController), 'register')
#11 D:\\Laravel - Caintic\\laravel-sanctum-api\\vendor\\laravel\\framework\\src\\Illuminate\\Routing\\Route.php(206): Illuminate\\Routing\\Route->runController()
#12 D:\\Laravel - Caintic\\laravel-sanctum-api\\vendor\\laravel\\framework\\src\\Illuminate\\Routing\\Router.php(806): Illuminate\\Routing\\Route->run()
#13 D:\\Laravel - Caintic\\laravel-sanctum-api\\vendor\\laravel\\framework\\src\\Illuminate\\Pipeline\\Pipeline.php(144): Illuminate\\Routing\\Router->Illuminate\\Routing\\{closure}(Object(Illuminate\\Http\\Request))
#14 D:\\Laravel - Caintic\\laravel-sanctum-api\\vendor\\laravel\\framework\\src\\Illuminate\\Auth\\Middleware\\RedirectIfAuthenticated.php(35): Illuminate\\Pipeline\\Pipeline->Illuminate\\Pipeline\\{closure}(Object(Illuminate\\Http\\Request))
#15 D:\\Laravel - Caintic\\laravel-sanctum-api\\vendor\\laravel\\framework\\src\\Illuminate\\Pipeline\\Pipeline.php(183): Illuminate\\Auth\\Middleware\\RedirectIfAuthenticated->handle(Object(Illuminate\\Http\\Request), Object(Closure))
#16 D:\\Laravel - Caintic\\laravel-sanctum-api\\vendor\\laravel\\framework\\src\\Illuminate\\Routing\\Middleware\\SubstituteBindings.php(50): Illuminate\\Pipeline\\Pipeline->Illuminate\\Pipeline\\{closure}(Object(Illuminate\\Http\\Request))
#17 D:\\Laravel - Caintic\\laravel-sanctum-api\\vendor\\laravel\\framework\\src\\Illuminate\\Pipeline\\Pipeline.php(183): Illuminate\\Routing\\Middleware\\SubstituteBindings->handle(Object(Illuminate\\Http\\Request), Object(Closure))
#18 D:\\Laravel - Caintic\\laravel-sanctum-api\\vendor\\laravel\\framework\\src\\Illuminate\\Foundation\\Http\\Middleware\\VerifyCsrfToken.php(88): Illuminate\\Pipeline\\Pipeline->Illuminate\\Pipeline\\{closure}(Object(Illuminate\\Http\\Request))
#19 D:\\Laravel - Caintic\\laravel-sanctum-api\\vendor\\laravel\\framework\\src\\Illuminate\\Pipeline\\Pipeline.php(183): Illuminate\\Foundation\\Http\\Middleware\\VerifyCsrfToken->handle(Object(Illuminate\\Http\\Request), Object(Closure))
#20 D:\\Laravel - Caintic\\laravel-sanctum-api\\vendor\\laravel\\framework\\src\\Illuminate\\View\\Middleware\\ShareErrorsFromSession.php(49): Illuminate\\Pipeline\\Pipeline->Illuminate\\Pipeline\\{closure}(Object(Illuminate\\Http\\Request))
#21 D:\\Laravel - Caintic\\laravel-sanctum-api\\vendor\\laravel\\framework\\src\\Illuminate\\Pipeline\\Pipeline.php(183): Illuminate\\View\\Middleware\\ShareErrorsFromSession->handle(Object(Illuminate\\Http\\Request), Object(Closure))
#22 D:\\Laravel - Caintic\\laravel-sanctum-api\\vendor\\laravel\\framework\\src\\Illuminate\\Session\\Middleware\\StartSession.php(121): Illuminate\\Pipeline\\Pipeline->Illuminate\\Pipeline\\{closure}(Object(Illuminate\\Http\\Request))
#23 D:\\Laravel - Caintic\\laravel-sanctum-api\\vendor\\laravel\\framework\\src\\Illuminate\\Session\\Middleware\\StartSession.php(64): Illuminate\\Session\\Middleware\\StartSession->handleStatefulRequest(Object(Illuminate\\Http\\Request), Object(Illuminate\\Session\\Store), Object(Closure))
#24 D:\\Laravel - Caintic\\laravel-sanctum-api\\vendor\\laravel\\framework\\src\\Illuminate\\Pipeline\\Pipeline.php(183): Illuminate\\Session\\Middleware\\StartSession->handle(Object(Illuminate\\Http\\Request), Object(Closure))
#25 D:\\Laravel - Caintic\\laravel-sanctum-api\\vendor\\laravel\\framework\\src\\Illuminate\\Cookie\\Middleware\\AddQueuedCookiesToResponse.php(37): Illuminate\\Pipeline\\Pipeline->Illuminate\\Pipeline\\{closure}(Object(Illuminate\\Http\\Request))
#26 D:\\Laravel - Caintic\\laravel-sanctum-api\\vendor\\laravel\\framework\\src\\Illuminate\\Pipeline\\Pipeline.php(183): Illuminate\\Cookie\\Middleware\\AddQueuedCookiesToResponse->handle(Object(Illuminate\\Http\\Request), Object(Closure))
#27 D:\\Laravel - Caintic\\laravel-sanctum-api\\vendor\\laravel\\framework\\src\\Illuminate\\Cookie\\Middleware\\EncryptCookies.php(75): Illuminate\\Pipeline\\Pipeline->Illuminate\\Pipeline\\{closure}(Object(Illuminate\\Http\\Request))
#28 D:\\Laravel - Caintic\\laravel-sanctum-api\\vendor\\laravel\\framework\\src\\Illuminate\\Pipeline\\Pipeline.php(183): Illuminate\\Cookie\\Middleware\\EncryptCookies->handle(Object(Illuminate\\Http\\Request), Object(Closure))
#29 D:\\Laravel - Caintic\\laravel-sanctum-api\\vendor\\laravel\\framework\\src\\Illuminate\\Pipeline\\Pipeline.php(119): Illuminate\\Pipeline\\Pipeline->Illuminate\\Pipeline\\{closure}(Object(Illuminate\\Http\\Request))
#30 D:\\Laravel - Caintic\\laravel-sanctum-api\\vendor\\laravel\\framework\\src\\Illuminate\\Routing\\Router.php(805): Illuminate\\Pipeline\\Pipeline->then(Object(Closure))
#31 D:\\Laravel - Caintic\\laravel-sanctum-api\\vendor\\laravel\\framework\\src\\Illuminate\\Routing\\Router.php(784): Illuminate\\Routing\\Router->runRouteWithinStack(Object(Illuminate\\Routing\\Route), Object(Illuminate\\Http\\Request))
#32 D:\\Laravel - Caintic\\laravel-sanctum-api\\vendor\\laravel\\framework\\src\\Illuminate\\Routing\\Router.php(748): Illuminate\\Routing\\Router->runRoute(Object(Illuminate\\Http\\Request), Object(Illuminate\\Routing\\Route))
#33 D:\\Laravel - Caintic\\laravel-sanctum-api\\vendor\\laravel\\framework\\src\\Illuminate\\Routing\\Router.php(737): Illuminate\\Routing\\Router->dispatchToRoute(Object(Illuminate\\Http\\Request))
#34 D:\\Laravel - Caintic\\laravel-sanctum-api\\vendor\\laravel\\framework\\src\\Illuminate\\Foundation\\Http\\Kernel.php(200): Illuminate\\Routing\\Router->dispatch(Object(Illuminate\\Http\\Request))
#35 D:\\Laravel - Caintic\\laravel-sanctum-api\\vendor\\laravel\\framework\\src\\Illuminate\\Pipeline\\Pipeline.php(144): Illuminate\\Foundation\\Http\\Kernel->Illuminate\\Foundation\\Http\\{closure}(Object(Illuminate\\Http\\Request))
#36 D:\\Laravel - Caintic\\laravel-sanctum-api\\vendor\\laravel\\framework\\src\\Illuminate\\Foundation\\Http\\Middleware\\TransformsRequest.php(21): Illuminate\\Pipeline\\Pipeline->Illuminate\\Pipeline\\{closure}(Object(Illuminate\\Http\\Request))
#37 D:\\Laravel - Caintic\\laravel-sanctum-api\\vendor\\laravel\\framework\\src\\Illuminate\\Foundation\\Http\\Middleware\\ConvertEmptyStringsToNull.php(31): Illuminate\\Foundation\\Http\\Middleware\\TransformsRequest->handle(Object(Illuminate\\Http\\Request), Object(Closure))
#38 D:\\Laravel - Caintic\\laravel-sanctum-api\\vendor\\laravel\\framework\\src\\Illuminate\\Pipeline\\Pipeline.php(183): Illuminate\\Foundation\\Http\\Middleware\\ConvertEmptyStringsToNull->handle(Object(Illuminate\\Http\\Request), Object(Closure))
#39 D:\\Laravel - Caintic\\laravel-sanctum-api\\vendor\\laravel\\framework\\src\\Illuminate\\Foundation\\Http\\Middleware\\TransformsRequest.php(21): Illuminate\\Pipeline\\Pipeline->Illuminate\\Pipeline\\{closure}(Object(Illuminate\\Http\\Request))
#40 D:\\Laravel - Caintic\\laravel-sanctum-api\\vendor\\laravel\\framework\\src\\Illuminate\\Foundation\\Http\\Middleware\\TrimStrings.php(51): Illuminate\\Foundation\\Http\\Middleware\\TransformsRequest->handle(Object(Illuminate\\Http\\Request), Object(Closure))
#41 D:\\Laravel - Caintic\\laravel-sanctum-api\\vendor\\laravel\\framework\\src\\Illuminate\\Pipeline\\Pipeline.php(183): Illuminate\\Foundation\\Http\\Middleware\\TrimStrings->handle(Object(Illuminate\\Http\\Request), Object(Closure))
#42 D:\\Laravel - Caintic\\laravel-sanctum-api\\vendor\\laravel\\framework\\src\\Illuminate\\Http\\Middleware\\ValidatePostSize.php(27): Illuminate\\Pipeline\\Pipeline->Illuminate\\Pipeline\\{closure}(Object(Illuminate\\Http\\Request))
#43 D:\\Laravel - Caintic\\laravel-sanctum-api\\vendor\\laravel\\framework\\src\\Illuminate\\Pipeline\\Pipeline.php(183): Illuminate\\Http\\Middleware\\ValidatePostSize->handle(Object(Illuminate\\Http\\Request), Object(Closure))
#44 D:\\Laravel - Caintic\\laravel-sanctum-api\\vendor\\laravel\\framework\\src\\Illuminate\\Foundation\\Http\\Middleware\\PreventRequestsDuringMaintenance.php(110): Illuminate\\Pipeline\\Pipeline->Illuminate\\Pipeline\\{closure}(Object(Illuminate\\Http\\Request))
#45 D:\\Laravel - Caintic\\laravel-sanctum-api\\vendor\\laravel\\framework\\src\\Illuminate\\Pipeline\\Pipeline.php(183): Illuminate\\Foundation\\Http\\Middleware\\PreventRequestsDuringMaintenance->handle(Object(Illuminate\\Http\\Request), Object(Closure))
#46 D:\\Laravel - Caintic\\laravel-sanctum-api\\vendor\\laravel\\framework\\src\\Illuminate\\Http\\Middleware\\HandleCors.php(49): Illuminate\\Pipeline\\Pipeline->Illuminate\\Pipeline\\{closure}(Object(Illuminate\\Http\\Request))
#47 D:\\Laravel - Caintic\\laravel-sanctum-api\\vendor\\laravel\\framework\\src\\Illuminate\\Pipeline\\Pipeline.php(183): Illuminate\\Http\\Middleware\\HandleCors->handle(Object(Illuminate\\Http\\Request), Object(Closure))
#48 D:\\Laravel - Caintic\\laravel-sanctum-api\\vendor\\laravel\\framework\\src\\Illuminate\\Http\\Middleware\\TrustProxies.php(57): Illuminate\\Pipeline\\Pipeline->Illuminate\\Pipeline\\{closure}(Object(Illuminate\\Http\\Request))
#49 D:\\Laravel - Caintic\\laravel-sanctum-api\\vendor\\laravel\\framework\\src\\Illuminate\\Pipeline\\Pipeline.php(183): Illuminate\\Http\\Middleware\\TrustProxies->handle(Object(Illuminate\\Http\\Request), Object(Closure))
#50 D:\\Laravel - Caintic\\laravel-sanctum-api\\vendor\\laravel\\framework\\src\\Illuminate\\Pipeline\\Pipeline.php(119): Illuminate\\Pipeline\\Pipeline->Illuminate\\Pipeline\\{closure}(Object(Illuminate\\Http\\Request))
#51 D:\\Laravel - Caintic\\laravel-sanctum-api\\vendor\\laravel\\framework\\src\\Illuminate\\Foundation\\Http\\Kernel.php(175): Illuminate\\Pipeline\\Pipeline->then(Object(Closure))
#52 D:\\Laravel - Caintic\\laravel-sanctum-api\\vendor\\laravel\\framework\\src\\Illuminate\\Foundation\\Http\\Kernel.php(144): Illuminate\\Foundation\\Http\\Kernel->sendRequestThroughRouter(Object(Illuminate\\Http\\Request))
#53 D:\\Laravel - Caintic\\laravel-sanctum-api\\vendor\\laravel\\framework\\src\\Illuminate\\Foundation\\Application.php(1183): Illuminate\\Foundation\\Http\\Kernel->handle(Object(Illuminate\\Http\\Request))
#54 D:\\Laravel - Caintic\\laravel-sanctum-api\\public\\index.php(17): Illuminate\\Foundation\\Application->handleRequest(Object(Illuminate\\Http\\Request))
#55 D:\\Laravel - Caintic\\laravel-sanctum-api\\vendor\\laravel\\framework\\src\\Illuminate\\Foundation\\resources\\server.php(23): require_once('D:\\\\Laravel - Ca...')
#56 {main}
"} 
